# JRE version: OpenJDK Runtime Environment Temurin-17.0.9+9 (17.0.9+9) (build 17.0.9+9)
# Java VM: OpenJDK 64-Bit Server VM Temurin-17.0.9+9 (17.0.9+9, mixed mode, emulated-client, tiered, compressed oops, compressed class ptrs, g1 gc, windows-amd64)
GC Precious Log:
 CPUs: 4 total, 4 available
 Memory: 8067M
 Large Page Support: Disabled
 NUMA Support: Disabled
 Compressed Oops: Enabled (32-bit)
 Heap Region Size: 1M
 Heap Min Capacity: 8M
 Heap Initial Capacity: 128M
 Heap Max Capacity: 2018M
 Pre-touch: Disabled
 Parallel Workers: 4
 Concurrent Workers: 1
 Concurrent Refinement Workers: 4
 Periodic GC: Disabled
Heap:
 garbage-first heap   total 52224K, used 32221K [0x0000000081e00000, 0x0000000100000000)
  region size 1024K, 14 young (14336K), 2 survivors (2048K)
 Metaspace       used 51201K, committed 51648K, reserved 1114112K
  class space    used 6307K, committed 6528K, reserved 1048576K
GC Heap History (20 events):
Event: 19.800 GC heap before
{Heap before GC invocations=18 (full 0):
 garbage-first heap   total 37888K, used 28313K [0x0000000081e00000, 0x0000000100000000)
  region size 1024K, 16 young (16384K), 3 survivors (3072K)
 Metaspace       used 38294K, committed 38592K, reserved 1114112K
  class space    used 4712K, committed 4864K, reserved 1048576K
}
Event: 19.808 GC heap after
{Heap after GC invocations=19 (full 0):
 garbage-first heap   total 37888K, used 16594K [0x0000000081e00000, 0x0000000100000000)
  region size 1024K, 1 young (1024K), 1 survivors (1024K)
 Metaspace       used 38294K, committed 38592K, reserved 1114112K
  class space    used 4712K, committed 4864K, reserved 1048576K
}
Event: 22.186 GC heap before
{Heap before GC invocations=19 (full 0):
 garbage-first heap   total 37888K, used 28882K [0x0000000081e00000, 0x0000000100000000)
  region size 1024K, 14 young (14336K), 1 survivors (1024K)
 Metaspace       used 39055K, committed 39360K, reserved 1114112K
  class space    used 4824K, committed 4992K, reserved 1048576K
}
Event: 22.188 GC heap after
{Heap after GC invocations=20 (full 0):
 garbage-first heap   total 37888K, used 16802K [0x0000000081e00000, 0x0000000100000000)
  region size 1024K, 1 young (1024K), 1 survivors (1024K)
 Metaspace       used 39055K, committed 39360K, reserved 1114112K
  class space    used 4824K, committed 4992K, reserved 1048576K
}
Event: 23.189 GC heap before
{Heap before GC invocations=20 (full 0):
 garbage-first heap   total 37888K, used 31138K [0x0000000081e00000, 0x0000000100000000)
  region size 1024K, 15 young (15360K), 1 survivors (1024K)
 Metaspace       used 40039K, committed 40512K, reserved 1114112K
  class space    used 4975K, committed 5184K, reserved 1048576K
}
Event: 23.198 GC heap after
{Heap after GC invocations=21 (full 0):
 garbage-first heap   total 37888K, used 17368K [0x0000000081e00000, 0x0000000100000000)
  region size 1024K, 2 young (2048K), 2 survivors (2048K)
 Metaspace       used 40039K, committed 40512K, reserved 1114112K
  class space    used 4975K, committed 5184K, reserved 1048576K
}
Event: 23.747 GC heap before
{Heap before GC invocations=21 (full 0):
 garbage-first heap   total 37888K, used 25560K [0x0000000081e00000, 0x0000000100000000)
  region size 1024K, 11 young (11264K), 2 survivors (2048K)
 Metaspace       used 40625K, committed 41024K, reserved 1114112K
  class space    used 5035K, committed 5184K, reserved 1048576K
}
Event: 23.750 GC heap after
{Heap after GC invocations=22 (full 0):
 garbage-first heap   total 37888K, used 18548K [0x0000000081e00000, 0x0000000100000000)
  region size 1024K, 2 young (2048K), 2 survivors (2048K)
 Metaspace       used 40625K, committed 41024K, reserved 1114112K
  class space    used 5035K, committed 5184K, reserved 1048576K
}
Event: 24.065 GC heap before
{Heap before GC invocations=23 (full 0):
 garbage-first heap   total 43008K, used 29812K [0x0000000081e00000, 0x0000000100000000)
  region size 1024K, 12 young (12288K), 2 survivors (2048K)
 Metaspace       used 41755K, committed 42112K, reserved 1114112K
  class space    used 5066K, committed 5248K, reserved 1048576K
}
Event: 24.068 GC heap after
{Heap after GC invocations=24 (full 0):
 garbage-first heap   total 43008K, used 18067K [0x0000000081e00000, 0x0000000100000000)
  region size 1024K, 2 young (2048K), 2 survivors (2048K)
 Metaspace       used 41755K, committed 42112K, reserved 1114112K
  class space    used 5066K, committed 5248K, reserved 1048576K
}
Event: 24.390 GC heap before
{Heap before GC invocations=24 (full 0):
 garbage-first heap   total 43008K, used 34451K [0x0000000081e00000, 0x0000000100000000)
  region size 1024K, 18 young (18432K), 2 survivors (2048K)
 Metaspace       used 43999K, committed 44416K, reserved 1114112K
  class space    used 5351K, committed 5568K, reserved 1048576K
}
Event: 24.394 GC heap after
{Heap after GC invocations=25 (full 0):
 garbage-first heap   total 43008K, used 18337K [0x0000000081e00000, 0x0000000100000000)
  region size 1024K, 2 young (2048K), 2 survivors (2048K)
 Metaspace       used 43999K, committed 44416K, reserved 1114112K
  class space    used 5351K, committed 5568K, reserved 1048576K
}
Event: 25.271 GC heap before
{Heap before GC invocations=25 (full 0):
 garbage-first heap   total 43008K, used 33697K [0x0000000081e00000, 0x0000000100000000)
  region size 1024K, 18 young (18432K), 2 survivors (2048K)
 Metaspace       used 45345K, committed 45760K, reserved 1114112K
  class space    used 5505K, committed 5696K, reserved 1048576K
}
Event: 25.279 GC heap after
{Heap after GC invocations=26 (full 0):
 garbage-first heap   total 52224K, used 19177K [0x0000000081e00000, 0x0000000100000000)
  region size 1024K, 3 young (3072K), 3 survivors (3072K)
 Metaspace       used 45345K, committed 45760K, reserved 1114112K
  class space    used 5505K, committed 5696K, reserved 1048576K
}
Event: 26.893 GC heap before
{Heap before GC invocations=26 (full 0):
 garbage-first heap   total 52224K, used 40681K [0x0000000081e00000, 0x0000000100000000)
  region size 1024K, 25 young (25600K), 3 survivors (3072K)
 Metaspace       used 47173K, committed 47616K, reserved 1114112K
  class space    used 5825K, committed 6016K, reserved 1048576K
}
Event: 26.899 GC heap after
{Heap after GC invocations=27 (full 0):
 garbage-first heap   total 52224K, used 20513K [0x0000000081e00000, 0x0000000100000000)
  region size 1024K, 4 young (4096K), 4 survivors (4096K)
 Metaspace       used 47173K, committed 47616K, reserved 1114112K
  class space    used 5825K, committed 6016K, reserved 1048576K
}
Event: 28.024 GC heap before
{Heap before GC invocations=27 (full 0):
 garbage-first heap   total 52224K, used 39969K [0x0000000081e00000, 0x0000000100000000)
  region size 1024K, 23 young (23552K), 4 survivors (4096K)
 Metaspace       used 48666K, committed 49088K, reserved 1114112K
  class space    used 5973K, committed 6144K, reserved 1048576K
}
Event: 28.032 GC heap after
{Heap after GC invocations=28 (full 0):
 garbage-first heap   total 52224K, used 21115K [0x0000000081e00000, 0x0000000100000000)
  region size 1024K, 2 young (2048K), 2 survivors (2048K)
 Metaspace       used 48666K, committed 49088K, reserved 1114112K
  class space    used 5973K, committed 6144K, reserved 1048576K
}
Event: 29.274 GC heap before
{Heap before GC invocations=28 (full 0):
 garbage-first heap   total 52224K, used 42619K [0x0000000081e00000, 0x0000000100000000)
  region size 1024K, 23 young (23552K), 2 survivors (2048K)
 Metaspace       used 50162K, committed 50688K, reserved 1114112K
  class space    used 6203K, committed 6464K, reserved 1048576K
}
Event: 29.283 GC heap after
{Heap after GC invocations=29 (full 0):
 garbage-first heap   total 52224K, used 21981K [0x0000000081e00000, 0x0000000100000000)
  region size 1024K, 2 young (2048K), 2 survivors (2048K)
 Metaspace       used 50162K, committed 50688K, reserved 1114112K
  class space    used 6203K, committed 6464K, reserved 1048576K
}

